Vivado Simulator v2024.1
Copyright 1986-2022 Xilinx, Inc. All Rights Reserved.
Copyright 2022-2024 Advanced Micro Devices, Inc. All Rights Reserved.
Running: C:/Apps/Vivado_Vitis_2024.1/Vivado/2024.1/bin/unwrapped/win64.o/xelab.exe --incr --debug typical --relax --mt 2 -L xil_defaultlib -L uvm -L unisims_ver -L unimacro_ver -L secureip --snapshot tb_imm_gen_behav xil_defaultlib.tb_imm_gen xil_defaultlib.glbl -log elaborate.log 
Using 2 slave threads.
Starting static elaboration
Pass Through NonSizing Optimizer
Completed static elaboration
Starting simulation data flow analysis
WARNING: [XSIM 43-4100] "C:/Users/rn4g24/Vivado/project_1/project_1.srcs/sim_1/new/tb_imm_gen.sv" Line 23. Module tb_imm_gen has a timescale but at least one module in design doesn't have timescale.
WARNING: [XSIM 43-4100] "C:/Users/rn4g24/Vivado/project_1/project_1.srcs/sim_1/new/tb_imm_gen.sv" Line 23. Module tb_imm_gen has a timescale but at least one module in design doesn't have timescale.
WARNING: [XSIM 43-4100] "C:/Users/rn4g24/Vivado/project_1/project_1.sim/sim_1/behav/xsim/glbl.v" Line 6. Module glbl has a timescale but at least one module in design doesn't have timescale.
WARNING: [XSIM 43-4100] "C:/Users/rn4g24/Vivado/project_1/project_1.sim/sim_1/behav/xsim/glbl.v" Line 6. Module glbl has a timescale but at least one module in design doesn't have timescale.
Completed simulation data flow analysis
Time Resolution for simulation is 1ps
Compiling package xil_defaultlib.riscv_pkg
Compiling module xil_defaultlib.imm_gen
Compiling module xil_defaultlib.tb_imm_gen
Compiling module xil_defaultlib.glbl
Built simulation snapshot tb_imm_gen_behav
